<?xml version="1.0" encoding="UTF-8"?>
<testsuite name="Registration, Using Privacy Statement and Data saving tests" tests="4" skipped="0" failures="0" errors="0" timestamp="2021-08-04T15:43:50" hostname="DESKTOP-MOBDSIT" time="45.502">
  <properties/>
  <testcase name="Saving data from the web application test (Sav_01)" classname="RegisterPageTest" time="14.329"/>
  <testcase name="Successful registration test (Reg_02)" classname="RegisterPageTest" time="11.588"/>
  <testcase name="Using Privacy Statement test (UPS_01)" classname="RegisterPageTest" time="9.236"/>
  <testcase name="Unsuccessful registration test (Reg_01)" classname="RegisterPageTest" time="10.309"/>
  <system-out><![CDATA[]]></system-out>
  <system-err><![CDATA[Starting ChromeDriver 92.0.4515.107 (87a818b10553a07434ea9e2b6dccf3cbe7895134-refs/branch-heads/4515@{#1634}) on port 48795
Only local connections are allowed.
Please see https://chromedriver.chromium.org/security-considerations for suggestions on keeping ChromeDriver safe.
ChromeDriver was started successfully.
aug. 04, 2021 5:43:53 DU org.openqa.selenium.remote.ProtocolHandshake createSession
INFO: Detected dialect: W3C
Starting ChromeDriver 92.0.4515.107 (87a818b10553a07434ea9e2b6dccf3cbe7895134-refs/branch-heads/4515@{#1634}) on port 38121
Only local connections are allowed.
Please see https://chromedriver.chromium.org/security-considerations for suggestions on keeping ChromeDriver safe.
ChromeDriver was started successfully.
aug. 04, 2021 5:44:07 DU org.openqa.selenium.remote.ProtocolHandshake createSession
INFO: Detected dialect: W3C
Starting ChromeDriver 92.0.4515.107 (87a818b10553a07434ea9e2b6dccf3cbe7895134-refs/branch-heads/4515@{#1634}) on port 23484
Only local connections are allowed.
Please see https://chromedriver.chromium.org/security-considerations for suggestions on keeping ChromeDriver safe.
ChromeDriver was started successfully.
aug. 04, 2021 5:44:19 DU org.openqa.selenium.remote.ProtocolHandshake createSession
INFO: Detected dialect: W3C
Starting ChromeDriver 92.0.4515.107 (87a818b10553a07434ea9e2b6dccf3cbe7895134-refs/branch-heads/4515@{#1634}) on port 19565
Only local connections are allowed.
Please see https://chromedriver.chromium.org/security-considerations for suggestions on keeping ChromeDriver safe.
ChromeDriver was started successfully.
aug. 04, 2021 5:44:28 DU org.openqa.selenium.remote.ProtocolHandshake createSession
INFO: Detected dialect: W3C
]]></system-err>
</testsuite>
