<?xml version="1.0" encoding="UTF-8"?>
<testsuite name="RegisterPageTest" tests="4" skipped="0" failures="0" errors="0" timestamp="2021-07-29T20:01:21" hostname="DESKTOP-MOBDSIT" time="44.447">
  <properties/>
  <testcase name="Save a list of data form the page into a text file. (Sav_01)" classname="RegisterPageTest" time="14.981"/>
  <testcase name="[1] Mr., Elek, Mekk, mekkelek13@gmail.com, 123321, 11/11/1990" classname="RegisterPageTest" time="11.199"/>
  <testcase name="Open Privacy Statement and check the box. (UPS_01)" classname="RegisterPageTest" time="8.389"/>
  <testcase name="[1] Mr., Elek, Mekk, mekkelek13@gmail.com, 123321, 11/11/1990" classname="RegisterPageTest" time="9.839"/>
  <system-out><![CDATA[]]></system-out>
  <system-err><![CDATA[Starting ChromeDriver 92.0.4515.107 (87a818b10553a07434ea9e2b6dccf3cbe7895134-refs/branch-heads/4515@{#1634}) on port 10251
Only local connections are allowed.
Please see https://chromedriver.chromium.org/security-considerations for suggestions on keeping ChromeDriver safe.
ChromeDriver was started successfully.
júl. 29, 2021 10:01:25 DU org.openqa.selenium.remote.ProtocolHandshake createSession
INFO: Detected dialect: W3C
Starting ChromeDriver 92.0.4515.107 (87a818b10553a07434ea9e2b6dccf3cbe7895134-refs/branch-heads/4515@{#1634}) on port 38182
Only local connections are allowed.
Please see https://chromedriver.chromium.org/security-considerations for suggestions on keeping ChromeDriver safe.
ChromeDriver was started successfully.
júl. 29, 2021 10:01:39 DU org.openqa.selenium.remote.ProtocolHandshake createSession
INFO: Detected dialect: W3C
Starting ChromeDriver 92.0.4515.107 (87a818b10553a07434ea9e2b6dccf3cbe7895134-refs/branch-heads/4515@{#1634}) on port 28612
Only local connections are allowed.
Please see https://chromedriver.chromium.org/security-considerations for suggestions on keeping ChromeDriver safe.
ChromeDriver was started successfully.
júl. 29, 2021 10:01:50 DU org.openqa.selenium.remote.ProtocolHandshake createSession
INFO: Detected dialect: W3C
Starting ChromeDriver 92.0.4515.107 (87a818b10553a07434ea9e2b6dccf3cbe7895134-refs/branch-heads/4515@{#1634}) on port 29597
Only local connections are allowed.
Please see https://chromedriver.chromium.org/security-considerations for suggestions on keeping ChromeDriver safe.
ChromeDriver was started successfully.
júl. 29, 2021 10:01:59 DU org.openqa.selenium.remote.ProtocolHandshake createSession
INFO: Detected dialect: W3C
]]></system-err>
</testsuite>
