<?xml version="1.0" encoding="UTF-8"?>
<testsuite name="LoginPageTest" tests="2" skipped="0" failures="0" errors="0" timestamp="2021-07-29T20:01:02" hostname="DESKTOP-MOBDSIT" time="19.811">
  <properties/>
  <testcase name="Successfully login. (Log_02)" classname="LoginPageTest" time="10.014"/>
  <testcase name="Unsuccessfully login with non registrated data. (Log_01)" classname="LoginPageTest" time="9.796"/>
  <system-out><![CDATA[]]></system-out>
  <system-err><![CDATA[Starting ChromeDriver 92.0.4515.107 (87a818b10553a07434ea9e2b6dccf3cbe7895134-refs/branch-heads/4515@{#1634}) on port 41541
Only local connections are allowed.
Please see https://chromedriver.chromium.org/security-considerations for suggestions on keeping ChromeDriver safe.
ChromeDriver was started successfully.
júl. 29, 2021 10:01:05 DU org.openqa.selenium.remote.ProtocolHandshake createSession
INFO: Detected dialect: W3C
Starting ChromeDriver 92.0.4515.107 (87a818b10553a07434ea9e2b6dccf3cbe7895134-refs/branch-heads/4515@{#1634}) on port 10665
Only local connections are allowed.
Please see https://chromedriver.chromium.org/security-considerations for suggestions on keeping ChromeDriver safe.
ChromeDriver was started successfully.
júl. 29, 2021 10:01:15 DU org.openqa.selenium.remote.ProtocolHandshake createSession
INFO: Detected dialect: W3C
]]></system-err>
</testsuite>
