<?xml version="1.0" encoding="UTF-8"?>
<testsuite name="AddressesPageTest" tests="5" skipped="0" failures="0" errors="0" timestamp="2021-07-29T20:21:16" hostname="DESKTOP-MOBDSIT" time="65.736">
  <properties/>
  <testcase name="Deleting data, validate that the deletion was successful. (Del_01)" classname="AddressesPageTest" time="13.581"/>
  <testcase name="Modifying data, validate that the change was successful. (Mod_01)" classname="AddressesPageTest" time="14.96"/>
  <testcase name="[1] Telephely1, Hold u. 5., Szeged, California, 55555, United States" classname="AddressesPageTest" time="12.475"/>
  <testcase name="[2] Telephely2, Mester u. 24., Hatvan, Arizona, 66666, United States" classname="AddressesPageTest" time="12.319"/>
  <testcase name="[3] Telephely3, Halom u. 33., Szolnok, Texas, 77777, United States" classname="AddressesPageTest" time="12.075"/>
  <system-out><![CDATA[The searched address field not found!
The searched address field not found!
]]></system-out>
  <system-err><![CDATA[Starting ChromeDriver 92.0.4515.107 (87a818b10553a07434ea9e2b6dccf3cbe7895134-refs/branch-heads/4515@{#1634}) on port 7455
Only local connections are allowed.
Please see https://chromedriver.chromium.org/security-considerations for suggestions on keeping ChromeDriver safe.
ChromeDriver was started successfully.
júl. 29, 2021 10:21:19 DU org.openqa.selenium.remote.ProtocolHandshake createSession
INFO: Detected dialect: W3C
Starting ChromeDriver 92.0.4515.107 (87a818b10553a07434ea9e2b6dccf3cbe7895134-refs/branch-heads/4515@{#1634}) on port 17067
Only local connections are allowed.
Please see https://chromedriver.chromium.org/security-considerations for suggestions on keeping ChromeDriver safe.
ChromeDriver was started successfully.
júl. 29, 2021 10:21:33 DU org.openqa.selenium.remote.ProtocolHandshake createSession
INFO: Detected dialect: W3C
Starting ChromeDriver 92.0.4515.107 (87a818b10553a07434ea9e2b6dccf3cbe7895134-refs/branch-heads/4515@{#1634}) on port 35432
Only local connections are allowed.
Please see https://chromedriver.chromium.org/security-considerations for suggestions on keeping ChromeDriver safe.
ChromeDriver was started successfully.
júl. 29, 2021 10:21:48 DU org.openqa.selenium.remote.ProtocolHandshake createSession
INFO: Detected dialect: W3C
Starting ChromeDriver 92.0.4515.107 (87a818b10553a07434ea9e2b6dccf3cbe7895134-refs/branch-heads/4515@{#1634}) on port 38437
Only local connections are allowed.
Please see https://chromedriver.chromium.org/security-considerations for suggestions on keeping ChromeDriver safe.
ChromeDriver was started successfully.
júl. 29, 2021 10:22:00 DU org.openqa.selenium.remote.ProtocolHandshake createSession
INFO: Detected dialect: W3C
Starting ChromeDriver 92.0.4515.107 (87a818b10553a07434ea9e2b6dccf3cbe7895134-refs/branch-heads/4515@{#1634}) on port 35266
Only local connections are allowed.
Please see https://chromedriver.chromium.org/security-considerations for suggestions on keeping ChromeDriver safe.
ChromeDriver was started successfully.
júl. 29, 2021 10:22:13 DU org.openqa.selenium.remote.ProtocolHandshake createSession
INFO: Detected dialect: W3C
]]></system-err>
</testsuite>
