<?xml version="1.0" encoding="UTF-8"?>
<testsuite name="RegisterPageTest" tests="4" skipped="0" failures="0" errors="0" timestamp="2021-07-29T20:23:08" hostname="DESKTOP-MOBDSIT" time="47.748">
  <properties/>
  <testcase name="Save a list of data form the page into a text file. (Sav_01)" classname="RegisterPageTest" time="13.917"/>
  <testcase name="[1] Mr., Elek, Mekk, mekkelek13@gmail.com, 123321, 11/11/1990" classname="RegisterPageTest" time="13.457"/>
  <testcase name="Open Privacy Statement and check the box. (UPS_01)" classname="RegisterPageTest" time="9.6"/>
  <testcase name="[1] Mr., Elek, Mekk, mekkelek13@gmail.com, 123321, 11/11/1990" classname="RegisterPageTest" time="10.74"/>
  <system-out><![CDATA[]]></system-out>
  <system-err><![CDATA[Starting ChromeDriver 92.0.4515.107 (87a818b10553a07434ea9e2b6dccf3cbe7895134-refs/branch-heads/4515@{#1634}) on port 16133
Only local connections are allowed.
Please see https://chromedriver.chromium.org/security-considerations for suggestions on keeping ChromeDriver safe.
ChromeDriver was started successfully.
júl. 29, 2021 10:23:11 DU org.openqa.selenium.remote.ProtocolHandshake createSession
INFO: Detected dialect: W3C
Starting ChromeDriver 92.0.4515.107 (87a818b10553a07434ea9e2b6dccf3cbe7895134-refs/branch-heads/4515@{#1634}) on port 34260
Only local connections are allowed.
Please see https://chromedriver.chromium.org/security-considerations for suggestions on keeping ChromeDriver safe.
ChromeDriver was started successfully.
júl. 29, 2021 10:23:25 DU org.openqa.selenium.remote.ProtocolHandshake createSession
INFO: Detected dialect: W3C
Starting ChromeDriver 92.0.4515.107 (87a818b10553a07434ea9e2b6dccf3cbe7895134-refs/branch-heads/4515@{#1634}) on port 32774
Only local connections are allowed.
Please see https://chromedriver.chromium.org/security-considerations for suggestions on keeping ChromeDriver safe.
ChromeDriver was started successfully.
júl. 29, 2021 10:23:40 DU org.openqa.selenium.remote.ProtocolHandshake createSession
INFO: Detected dialect: W3C
Starting ChromeDriver 92.0.4515.107 (87a818b10553a07434ea9e2b6dccf3cbe7895134-refs/branch-heads/4515@{#1634}) on port 39078
Only local connections are allowed.
Please see https://chromedriver.chromium.org/security-considerations for suggestions on keeping ChromeDriver safe.
ChromeDriver was started successfully.
júl. 29, 2021 10:23:48 DU org.openqa.selenium.remote.ProtocolHandshake createSession
INFO: Detected dialect: W3C
]]></system-err>
</testsuite>
