<?xml version="1.0" encoding="UTF-8"?>
<testsuite name="LoginPageTest" tests="2" skipped="0" failures="0" errors="0" timestamp="2021-07-29T20:22:49" hostname="DESKTOP-MOBDSIT" time="18.997">
  <properties/>
  <testcase name="Successfully login. (Log_02)" classname="LoginPageTest" time="9.603"/>
  <testcase name="Unsuccessfully login with non registrated data. (Log_01)" classname="LoginPageTest" time="9.39"/>
  <system-out><![CDATA[]]></system-out>
  <system-err><![CDATA[Starting ChromeDriver 92.0.4515.107 (87a818b10553a07434ea9e2b6dccf3cbe7895134-refs/branch-heads/4515@{#1634}) on port 16074
Only local connections are allowed.
Please see https://chromedriver.chromium.org/security-considerations for suggestions on keeping ChromeDriver safe.
ChromeDriver was started successfully.
júl. 29, 2021 10:22:53 DU org.openqa.selenium.remote.ProtocolHandshake createSession
INFO: Detected dialect: W3C
Starting ChromeDriver 92.0.4515.107 (87a818b10553a07434ea9e2b6dccf3cbe7895134-refs/branch-heads/4515@{#1634}) on port 31411
Only local connections are allowed.
Please see https://chromedriver.chromium.org/security-considerations for suggestions on keeping ChromeDriver safe.
ChromeDriver was started successfully.
júl. 29, 2021 10:23:02 DU org.openqa.selenium.remote.ProtocolHandshake createSession
INFO: Detected dialect: W3C
]]></system-err>
</testsuite>
