<?xml version="1.0" encoding="UTF-8"?>
<testsuite name="Registration, Using Privacy Statement and Data saving tests" tests="4" skipped="0" failures="0" errors="0" timestamp="2021-07-31T16:46:01" hostname="DESKTOP-MOBDSIT" time="43.044">
  <properties/>
  <testcase name="Saving data from the web application test (Sav_01)" classname="RegisterPageTest" time="14.549"/>
  <testcase name="[1] Mr., Elek, Mekk, mekkelek13@gmail.com, 123321, 11/11/1990" classname="RegisterPageTest" time="10.616"/>
  <testcase name="Using Privacy Statement test (UPS_01)" classname="RegisterPageTest" time="8.456"/>
  <testcase name="[1] Mr., Elek, Mekk, mekkelek13@gmail.com, 123321, 11/11/1990" classname="RegisterPageTest" time="9.383"/>
  <system-out><![CDATA[]]></system-out>
  <system-err><![CDATA[Starting ChromeDriver 92.0.4515.107 (87a818b10553a07434ea9e2b6dccf3cbe7895134-refs/branch-heads/4515@{#1634}) on port 44033
Only local connections are allowed.
Please see https://chromedriver.chromium.org/security-considerations for suggestions on keeping ChromeDriver safe.
ChromeDriver was started successfully.
júl. 31, 2021 6:46:04 DU org.openqa.selenium.remote.ProtocolHandshake createSession
INFO: Detected dialect: W3C
Starting ChromeDriver 92.0.4515.107 (87a818b10553a07434ea9e2b6dccf3cbe7895134-refs/branch-heads/4515@{#1634}) on port 35181
Only local connections are allowed.
Please see https://chromedriver.chromium.org/security-considerations for suggestions on keeping ChromeDriver safe.
ChromeDriver was started successfully.
júl. 31, 2021 6:46:18 DU org.openqa.selenium.remote.ProtocolHandshake createSession
INFO: Detected dialect: W3C
Starting ChromeDriver 92.0.4515.107 (87a818b10553a07434ea9e2b6dccf3cbe7895134-refs/branch-heads/4515@{#1634}) on port 15861
Only local connections are allowed.
Please see https://chromedriver.chromium.org/security-considerations for suggestions on keeping ChromeDriver safe.
ChromeDriver was started successfully.
júl. 31, 2021 6:46:29 DU org.openqa.selenium.remote.ProtocolHandshake createSession
INFO: Detected dialect: W3C
Starting ChromeDriver 92.0.4515.107 (87a818b10553a07434ea9e2b6dccf3cbe7895134-refs/branch-heads/4515@{#1634}) on port 34366
Only local connections are allowed.
Please see https://chromedriver.chromium.org/security-considerations for suggestions on keeping ChromeDriver safe.
ChromeDriver was started successfully.
júl. 31, 2021 6:46:38 DU org.openqa.selenium.remote.ProtocolHandshake createSession
INFO: Detected dialect: W3C
]]></system-err>
</testsuite>
